<?xml version="1.0" encoding="UTF-8"?>
<!-- Generated by org.testng.reporters.JUnitReportReporter -->
<testsuite hostname="JCPSIJGEC" name="zoopla.RentProperty" tests="1" failures="0" timestamp="19 Apr 2019 11:28:34 GMT" time="33.976" errors="0">
  <testcase name="SaleRent" time="33.976" classname="zoopla.RentProperty"/>
</testsuite> <!-- zoopla.RentProperty -->
